<?xml version="1.0" encoding="UTF-8"?>
<!-- Generated by org.testng.reporters.JUnitXMLReporter -->
<testsuite hostname="DESKTOP-27L8JE7" ignored="0" name="ChromeTest" tests="4" failures="1" timestamp="24 Apr 2021 12:44:33 GMT" time="120.981" errors="0">
  <testcase name="linktesting1" time="3.33" classname="com.project.April6PMMavenBuild.LinksTesting1">
    <failure type="java.lang.AssertionError" message="expected [???? ?????] but found [Google Images]">
      <![CDATA[java.lang.AssertionError: expected [???? ?????] but found [Google Images]
at com.project.April6PMMavenBuild.LinksTesting1.linktesting1(LinksTesting1.java:46)
... Removed 31 stack frames]]>
    </failure>
  </testcase> <!-- linktesting1 -->
  <testcase name="amazon" time="34.511" classname="com.project.April6PMMavenBuild.TNG_002"/>
  <testcase name="radioButtonTest" time="1.348" classname="com.project.April6PMMavenBuild.RadioButton1"/>
  <testcase name="checkboxTest" time="0.268" classname="com.project.April6PMMavenBuild.CheckBox1"/>
</testsuite> <!-- ChromeTest -->
